#
# A fatal error has been detected by the Java Runtime Environment:
#
#  SIGSEGV (0xb) at pc=0x00000001054f99c4, pid=14838, tid=17155
#
# JRE version: Java(TM) SE Runtime Environment (8.0_20-b26) (build 1.8.0_20-b26)
# Java VM: Java HotSpot(TM) 64-Bit Server VM (25.20-b23 mixed mode bsd-amd64 compressed oops)
# Problematic frame:
# V  [libjvm.dylib+0x2f99c4]
#
# Failed to write core dump. Core dumps have been disabled. To enable core dumping, try "ulimit -c unlimited" before starting Java again
#
# If you would like to submit a bug report, please visit:
#   http://bugreport.sun.com/bugreport/crash.jsp
#

---------------  T H R E A D  ---------------

Current thread (0x00007fe60901f000):  JavaThread "JDWP Transport Listener: dt_socket" daemon [_thread_in_vm, id=17155, stack(0x0000700000b3b000,0x0000700000c3b000)]

siginfo: si_signo: 11 (SIGSEGV), si_code: 1 (SEGV_MAPERR), si_addr: 0x0000000000000010

Registers:
RAX=0x00000007c00016d0, RBX=0x00007fe6086016d0, RCX=0x0000000105a93503, RDX=0x0000000000000008
RSP=0x0000700000c3aa20, RBP=0x0000700000c3aa40, RSI=0x00000001059f0db0, RDI=0x00000007aab00830
R8 =0x00000000fffffffc, R9 =0x00000001059e9598, R10=0x00000000ffffffff, R11=0xffffffff00000000
R12=0x00007fe60901f1e8, R13=0x0000000000000000, R14=0x00007fe60851bdd0, R15=0x00007fe60901f1e8
RIP=0x00000001054f99c4, EFLAGS=0x0000000000010202, ERR=0x0000000000000004
  TRAPNO=0x000000000000000e

Top of Stack: (sp=0x0000700000c3aa20)
0x0000700000c3aa20:   00007fe60901f000 00007fe60851bdd0
0x0000700000c3aa30:   00007fe60901f1e8 0000000000000000
0x0000700000c3aa40:   0000700000c3aa60 000000010487214a
0x0000700000c3aa50:   0000700000c3ab08 0000000104883588
0x0000700000c3aa60:   0000700000c3aae0 0000000104857273
0x0000700000c3aa70:   0000000100c3aaa0 0000000000050000
0x0000700000c3aa80:   0000000000000032 00007fe60901f1e8
0x0000700000c3aa90:   0000700000c3ac90 00007fe60851b5b8
0x0000700000c3aaa0:   0000700000c3aac0 0000000104869829
0x0000700000c3aab0:   00007fe60851bdd0 0000700000c3ac90
0x0000700000c3aac0:   0000000104877eca 00007fe60860ed80
0x0000700000c3aad0:   0000700000c3ab08 0000000104883588
0x0000700000c3aae0:   0000700000c3ad00 000000010485e8f6
0x0000700000c3aaf0:   0000158800000024 0000000000011000
0x0000700000c3ab00:   00007fe60860e8b0 0000700000c3ab5c
0x0000700000c3ab10:   00007fe600000128 0000700000c3ab20
0x0000700000c3ab20:   0000000000000004 0000700000c3ab58
0x0000700000c3ab30:   0000000000000000 0000000000000000
0x0000700000c3ab40:   000015880000000b 00007fff00009380
0x0000700000c3ab50:   0000700000c3ab58 0800000001000000
0x0000700000c3ab60:   000000001f000000 0000000024000000
0x0000700000c3ab70:   0000000025000000 0000000000120000
0x0000700000c3ab80:   6804000000420000 4901000000687361
0x0000700000c3ab90:   0200000000000000 70664308e67f0000
0x0000700000c3aba0:   6972657310000000 6f69737265566c61
0x0000700000c3abb0:   010000004449556e 000000000000004a
0x0000700000c3abc0:   664308e67f00001a 7265731600000050
0x0000700000c3abd0:   69737265506c6169 656946746e657473
0x0000700000c3abe0:   5b1c00000073646c 6f692f6176616a4c
0x0000700000c3abf0:   537463656a624f2f 6569466d61657274
0x0000700000c3ac00:   00000000003b646c 08e67f00001a0000
0x0000700000c3ac10:   4316000000306643 45534e495f455341 

Instructions: (pc=0x00000001054f99c4)
0x00000001054f99a4:   c0 75 04 30 c0 eb 35 48 8d 0d 52 9b 59 00 80 39
0x00000001054f99b4:   00 49 8b 16 74 15 48 8d 35 ef 73 4f 00 8a 4e 08
0x00000001054f99c4:   8b 7a 08 48 d3 e7 48 03 3e eb 04 48 8b 7a 08 48
0x00000001054f99d4:   89 c6 e8 cd c7 12 00 84 c0 0f 95 c0 0f b6 d8 48 

Register to memory mapping:

RAX=0x00000007c00016d0 is pointing into metadata
RBX=0x00007fe6086016d0 is a global jni handle
RCX=0x0000000105a93503: UnlockExperimentalVMOptions+0 in /Library/Java/JavaVirtualMachines/jdk1.8.0_20.jdk/Contents/Home/jre/lib/server/libjvm.dylib at 0x0000000105200000
RDX=0x0000000000000008 is an unknown value
RSP=0x0000700000c3aa20 is pointing into the stack for thread: 0x00007fe60901f000
RBP=0x0000700000c3aa40 is pointing into the stack for thread: 0x00007fe60901f000
RSI=0x00000001059f0db0: _ZN8Universe13_narrow_klassE+0 in /Library/Java/JavaVirtualMachines/jdk1.8.0_20.jdk/Contents/Home/jre/lib/server/libjvm.dylib at 0x0000000105200000
RDI=0x00000007aab00830 is an oop
java.lang.Class 
 - klass: 'java/lang/Class'
R8 =0x00000000fffffffc is an unknown value
R9 =0x00000001059e9598: _ZL8tc_mutex+0x18 in /Library/Java/JavaVirtualMachines/jdk1.8.0_20.jdk/Contents/Home/jre/lib/server/libjvm.dylib at 0x0000000105200000
R10=0x00000000ffffffff is an unknown value
R11=0xffffffff00000000 is an unknown value
R12=0x00007fe60901f1e8 is an unknown value
R13=0x0000000000000000 is an unknown value
R14=0x00007fe60851bdd0 is an unknown value
R15=0x00007fe60901f1e8 is an unknown value


Stack: [0x0000700000b3b000,0x0000700000c3b000],  sp=0x0000700000c3aa20,  free space=1022k
Native frames: (J=compiled Java code, j=interpreted, Vv=VM code, C=native code)
V  [libjvm.dylib+0x2f99c4]
C  [libjdwp.dylib+0x2214a]  specificTypeKey+0x73
C  [libjdwp.dylib+0x7273]  getValues+0x1cf
C  [libjdwp.dylib+0xe8f6]  debugLoop_run+0x1ce
C  [libjdwp.dylib+0x1f716]  attachThread+0x4d
V  [libjvm.dylib+0x375f22]
V  [libjvm.dylib+0x535a51]
V  [libjvm.dylib+0x537194]
V  [libjvm.dylib+0x45d35a]
C  [libsystem_pthread.dylib+0x3c13]  _pthread_body+0x83
C  [libsystem_pthread.dylib+0x3b90]  _pthread_body+0x0
C  [libsystem_pthread.dylib+0x1375]  thread_start+0xd
C  0x0000000000000000


---------------  P R O C E S S  ---------------

Java Threads: ( => current thread )
  0x00007fe60902e800 JavaThread "Service Thread" daemon [_thread_blocked, id=20227, stack(0x000070000114d000,0x000070000124d000)]
  0x00007fe60902b800 JavaThread "C1 CompilerThread2" daemon [_thread_blocked, id=19715, stack(0x000070000104a000,0x000070000114a000)]
  0x00007fe60902b000 JavaThread "C2 CompilerThread1" daemon [_thread_blocked, id=19203, stack(0x0000700000f47000,0x0000700001047000)]
  0x00007fe60a00f000 JavaThread "C2 CompilerThread0" daemon [_thread_blocked, id=18691, stack(0x0000700000e44000,0x0000700000f44000)]
  0x00007fe609831000 JavaThread "JDWP Command Reader" daemon [_thread_in_native, id=18179, stack(0x0000700000d41000,0x0000700000e41000)]
  0x00007fe609844800 JavaThread "JDWP Event Helper Thread" daemon [_thread_blocked, id=17667, stack(0x0000700000c3e000,0x0000700000d3e000)]
=>0x00007fe60901f000 JavaThread "JDWP Transport Listener: dt_socket" daemon [_thread_in_vm, id=17155, stack(0x0000700000b3b000,0x0000700000c3b000)]
  0x00007fe609818000 JavaThread "Signal Dispatcher" daemon [_thread_blocked, id=13839, stack(0x0000700000a38000,0x0000700000b38000)]
  0x00007fe609012800 JavaThread "Finalizer" daemon [_thread_blocked, id=12291, stack(0x000070000082f000,0x000070000092f000)]
  0x00007fe60a00d000 JavaThread "Reference Handler" daemon [_thread_blocked, id=11779, stack(0x000070000072c000,0x000070000082c000)]
  0x00007fe60880d000 JavaThread "main" [_thread_blocked, id=5891, stack(0x000070000011a000,0x000070000021a000)]

Other Threads:
  0x00007fe60a008000 VMThread [stack: 0x0000700000629000,0x0000700000729000] [id=11267]
  0x00007fe60902f000 WatcherThread [stack: 0x0000700001250000,0x0000700001350000] [id=20739]

VM state:not at safepoint (normal execution)

VM Mutex/Monitor currently owned by a thread: None

Heap:
 PSYoungGen      total 18944K, used 1966K [0x00000007aab00000, 0x00000007ac000000, 0x00000007c0000000)
  eden space 16384K, 12% used [0x00000007aab00000,0x00000007aaceb9b0,0x00000007abb00000)
  from space 2560K, 0% used [0x00000007abd80000,0x00000007abd80000,0x00000007ac000000)
  to   space 2560K, 0% used [0x00000007abb00000,0x00000007abb00000,0x00000007abd80000)
 ParOldGen       total 44032K, used 0K [0x0000000780000000, 0x0000000782b00000, 0x00000007aab00000)
  object space 44032K, 0% used [0x0000000780000000,0x0000000780000000,0x0000000782b00000)
 Metaspace       used 3008K, capacity 4564K, committed 4864K, reserved 1056768K
  class space    used 322K, capacity 388K, committed 512K, reserved 1048576K

Card table byte_map: [0x00000001154db000,0x00000001156dc000] byte_map_base: 0x00000001118db000

Marking Bits: (ParMarkBitMap*) 0x0000000105a9c330
 Begin Bits: [0x0000000115832000, 0x0000000116832000)
 End Bits:   [0x0000000116832000, 0x0000000117832000)

Polling page: 0x000000010484f000

CodeCache: size=245760Kb used=1189Kb max_used=1189Kb free=244570Kb
 bounds [0x000000010611b000, 0x000000010638b000, 0x000000011511b000]
 total_blobs=294 nmethods=65 adapters=152
 compilation: enabled

Compilation events (10 events):
Event: 0.595 Thread 0x00007fe60902b800   62       1       java.lang.Integer::intValue (5 bytes)
Event: 0.595 Thread 0x00007fe60902b800 nmethod 62 0x0000000106240a50 code [0x0000000106240ba0, 0x0000000106240cb0]
Event: 0.595 Thread 0x00007fe60902b800   61       1       java.util.ArrayList::size (5 bytes)
Event: 0.595 Thread 0x00007fe60902b800 nmethod 61 0x0000000106240d10 code [0x0000000106240e60, 0x0000000106240f70]
Event: 0.595 Thread 0x00007fe60902b800   63       3       java.util.HashMap::getNode (148 bytes)
Event: 0.596 Thread 0x00007fe60902b800 nmethod 63 0x0000000106240fd0 code [0x00000001062411a0, 0x0000000106241b68]
Event: 0.596 Thread 0x00007fe60902b800   64       3       java.nio.Buffer::limit (62 bytes)
Event: 0.596 Thread 0x00007fe60902b800 nmethod 64 0x0000000106241e90 code [0x0000000106242020, 0x0000000106242328]
Event: 22.034 Thread 0x00007fe60902b800   65       3       java.nio.Buffer::<init> (121 bytes)
Event: 22.035 Thread 0x00007fe60902b800 nmethod 65 0x0000000106242410 code [0x00000001062426e0, 0x0000000106243b08]

GC Heap History (0 events):
No events

Deoptimization events (0 events):
No events

Internal exceptions (7 events):
Event: 0.042 Thread 0x00007fe60880d000 Exception <a 'java/lang/NoSuchMethodError': Method sun.misc.Unsafe.defineClass(Ljava/lang/String;[BII)Ljava/lang/Class; name or signature does not match> (0x00000007aab11e50) thrown at [/HUDSON3/workspace/8-2-build-macosx-x86_64/jdk8u20/1074/hotspot/src/s
Event: 0.042 Thread 0x00007fe60880d000 Exception <a 'java/lang/NoSuchMethodError': Method sun.misc.Unsafe.prefetchRead(Ljava/lang/Object;J)V name or signature does not match> (0x00000007aab120e0) thrown at [/HUDSON3/workspace/8-2-build-macosx-x86_64/jdk8u20/1074/hotspot/src/share/vm/prims/jni.
Event: 0.135 Thread 0x00007fe60880d000 Exception <a 'java/security/PrivilegedActionException'> (0x00000007aac3ec40) thrown at [/HUDSON3/workspace/8-2-build-macosx-x86_64/jdk8u20/1074/hotspot/src/share/vm/prims/jvm.cpp, line 1275]
Event: 0.145 Thread 0x00007fe60880d000 Exception <a 'java/security/PrivilegedActionException'> (0x00000007aac9b468) thrown at [/HUDSON3/workspace/8-2-build-macosx-x86_64/jdk8u20/1074/hotspot/src/share/vm/prims/jvm.cpp, line 1275]
Event: 0.146 Thread 0x00007fe60880d000 Exception <a 'java/security/PrivilegedActionException'> (0x00000007aaca1f90) thrown at [/HUDSON3/workspace/8-2-build-macosx-x86_64/jdk8u20/1074/hotspot/src/share/vm/prims/jvm.cpp, line 1275]
Event: 0.591 Thread 0x00007fe60880d000 Exception <a 'java/security/PrivilegedActionException'> (0x00000007aacdacb8) thrown at [/HUDSON3/workspace/8-2-build-macosx-x86_64/jdk8u20/1074/hotspot/src/share/vm/prims/jvm.cpp, line 1275]
Event: 0.595 Thread 0x00007fe60880d000 Exception <a 'java/lang/ArrayIndexOutOfBoundsException': 7> (0x00000007aace1848) thrown at [/HUDSON3/workspace/8-2-build-macosx-x86_64/jdk8u20/1074/hotspot/src/share/vm/interpreter/interpreterRuntime.cpp, line 366]

Events (10 events):
Event: 22.030 Executing VM operation: GetOrSetLocal
Event: 22.030 Executing VM operation: GetOrSetLocal done
Event: 22.030 Executing VM operation: GetOrSetLocal
Event: 22.030 Executing VM operation: GetOrSetLocal done
Event: 22.030 Executing VM operation: GetOrSetLocal
Event: 22.030 Executing VM operation: GetOrSetLocal done
Event: 22.031 Executing VM operation: GetOrSetLocal
Event: 22.031 Executing VM operation: GetOrSetLocal done
Event: 23.371 Executing VM operation: GetOrSetLocal
Event: 23.371 Executing VM operation: GetOrSetLocal done


Dynamic libraries:
0x000000000769d000 	/System/Library/Frameworks/Cocoa.framework/Versions/A/Cocoa
0x000000000769d000 	/System/Library/Frameworks/Security.framework/Versions/A/Security
0x000000000769d000 	/System/Library/Frameworks/ApplicationServices.framework/Versions/A/ApplicationServices
0x000000000769d000 	/usr/lib/libz.1.dylib
0x000000000769d000 	/usr/lib/libSystem.B.dylib
0x000000000769d000 	/usr/lib/libobjc.A.dylib
0x000000000769d000 	/System/Library/Frameworks/CoreFoundation.framework/Versions/A/CoreFoundation
0x000000000769d000 	/System/Library/Frameworks/Foundation.framework/Versions/C/Foundation
0x000000000769d000 	/System/Library/Frameworks/AppKit.framework/Versions/C/AppKit
0x000000000769d000 	/System/Library/Frameworks/CoreData.framework/Versions/A/CoreData
0x000000000769d000 	/System/Library/PrivateFrameworks/RemoteViewServices.framework/Versions/A/RemoteViewServices
0x000000000769d000 	/System/Library/PrivateFrameworks/UIFoundation.framework/Versions/A/UIFoundation
0x000000000769d000 	/usr/lib/libScreenReader.dylib
0x000000000769d000 	/System/Library/Frameworks/Accelerate.framework/Versions/A/Accelerate
0x000000000769d000 	/System/Library/Frameworks/IOSurface.framework/Versions/A/IOSurface
0x000000000769d000 	/System/Library/Frameworks/AudioToolbox.framework/Versions/A/AudioToolbox
0x000000000769d000 	/System/Library/Frameworks/AudioUnit.framework/Versions/A/AudioUnit
0x000000000769d000 	/System/Library/PrivateFrameworks/DataDetectorsCore.framework/Versions/A/DataDetectorsCore
0x000000000769d000 	/System/Library/PrivateFrameworks/DesktopServicesPriv.framework/Versions/A/DesktopServicesPriv
0x000000000769d000 	/System/Library/Frameworks/Carbon.framework/Versions/A/Frameworks/HIToolbox.framework/Versions/A/HIToolbox
0x000000000769d000 	/System/Library/Frameworks/QuartzCore.framework/Versions/A/QuartzCore
0x000000000769d000 	/System/Library/Frameworks/Carbon.framework/Versions/A/Frameworks/SpeechRecognition.framework/Versions/A/SpeechRecognition
0x000000000769d000 	/usr/lib/libauto.dylib
0x000000000769d000 	/usr/lib/libicucore.A.dylib
0x000000000769d000 	/usr/lib/libxml2.2.dylib
0x000000000769d000 	/System/Library/PrivateFrameworks/CoreUI.framework/Versions/A/CoreUI
0x000000000769d000 	/System/Library/Frameworks/CoreAudio.framework/Versions/A/CoreAudio
0x000000000769d000 	/System/Library/Frameworks/DiskArbitration.framework/Versions/A/DiskArbitration
0x000000000769d000 	/usr/lib/liblangid.dylib
0x000000000769d000 	/System/Library/PrivateFrameworks/MultitouchSupport.framework/Versions/A/MultitouchSupport
0x000000000769d000 	/System/Library/Frameworks/IOKit.framework/Versions/A/IOKit
0x000000000769d000 	/usr/lib/libDiagnosticMessagesClient.dylib
0x000000000769d000 	/System/Library/Frameworks/CoreServices.framework/Versions/A/CoreServices
0x000000000769d000 	/System/Library/PrivateFrameworks/PerformanceAnalysis.framework/Versions/A/PerformanceAnalysis
0x000000000769d000 	/System/Library/PrivateFrameworks/GenerationalStorage.framework/Versions/A/GenerationalStorage
0x000000000769d000 	/System/Library/Frameworks/OpenGL.framework/Versions/A/OpenGL
0x000000000769d000 	/System/Library/PrivateFrameworks/Sharing.framework/Versions/A/Sharing
0x000000000769d000 	/System/Library/Frameworks/CoreGraphics.framework/Versions/A/CoreGraphics
0x000000000769d000 	/System/Library/Frameworks/CoreImage.framework/Versions/A/CoreImage
0x000000000769d000 	/System/Library/Frameworks/CoreText.framework/Versions/A/CoreText
0x000000000769d000 	/System/Library/Frameworks/ImageIO.framework/Versions/A/ImageIO
0x000000000769d000 	/System/Library/PrivateFrameworks/Backup.framework/Versions/A/Backup
0x000000000769d000 	/usr/lib/libextension.dylib
0x000000000769d000 	/usr/lib/libarchive.2.dylib
0x000000000769d000 	/System/Library/Frameworks/CFNetwork.framework/Versions/A/CFNetwork
0x000000000769d000 	/System/Library/Frameworks/SystemConfiguration.framework/Versions/A/SystemConfiguration
0x000000000769d000 	/usr/lib/libCRFSuite.dylib
0x000000000769d000 	/usr/lib/libc++.1.dylib
0x000000000769d000 	/usr/lib/libc++abi.dylib
0x000000000769d000 	/usr/lib/system/libcache.dylib
0x000000000769d000 	/usr/lib/system/libcommonCrypto.dylib
0x000000000769d000 	/usr/lib/system/libcompiler_rt.dylib
0x000000000769d000 	/usr/lib/system/libcopyfile.dylib
0x000000000769d000 	/usr/lib/system/libcorecrypto.dylib
0x000000000769d000 	/usr/lib/system/libdispatch.dylib
0x000000000769d000 	/usr/lib/system/libdyld.dylib
0x000000000769d000 	/usr/lib/system/libkeymgr.dylib
0x000000000769d000 	/usr/lib/system/liblaunch.dylib
0x000000000769d000 	/usr/lib/system/libmacho.dylib
0x000000000769d000 	/usr/lib/system/libquarantine.dylib
0x000000000769d000 	/usr/lib/system/libremovefile.dylib
0x000000000769d000 	/usr/lib/system/libsystem_asl.dylib
0x000000000769d000 	/usr/lib/system/libsystem_blocks.dylib
0x000000000769d000 	/usr/lib/system/libsystem_c.dylib
0x000000000769d000 	/usr/lib/system/libsystem_configuration.dylib
0x000000000769d000 	/usr/lib/system/libsystem_coreservices.dylib
0x000000000769d000 	/usr/lib/system/libsystem_coretls.dylib
0x000000000769d000 	/usr/lib/system/libsystem_dnssd.dylib
0x000000000769d000 	/usr/lib/system/libsystem_info.dylib
0x000000000769d000 	/usr/lib/system/libsystem_kernel.dylib
0x000000000769d000 	/usr/lib/system/libsystem_m.dylib
0x000000000769d000 	/usr/lib/system/libsystem_malloc.dylib
0x000000000769d000 	/usr/lib/system/libsystem_network.dylib
0x000000000769d000 	/usr/lib/system/libsystem_networkextension.dylib
0x000000000769d000 	/usr/lib/system/libsystem_notify.dylib
0x000000000769d000 	/usr/lib/system/libsystem_platform.dylib
0x000000000769d000 	/usr/lib/system/libsystem_pthread.dylib
0x000000000769d000 	/usr/lib/system/libsystem_sandbox.dylib
0x000000000769d000 	/usr/lib/system/libsystem_secinit.dylib
0x000000000769d000 	/usr/lib/system/libsystem_trace.dylib
0x000000000769d000 	/usr/lib/system/libunc.dylib
0x000000000769d000 	/usr/lib/system/libunwind.dylib
0x000000000769d000 	/usr/lib/system/libxpc.dylib
0x000000000769d000 	/usr/lib/libenergytrace.dylib
0x000000000769d000 	/usr/lib/libbsm.0.dylib
0x000000000769d000 	/usr/lib/system/libkxld.dylib
0x000000000769d000 	/usr/lib/libxar.1.dylib
0x000000000769d000 	/usr/lib/libsqlite3.dylib
0x000000000769d000 	/usr/lib/libpam.2.dylib
0x000000000769d000 	/usr/lib/libOpenScriptingUtil.dylib
0x000000000769d000 	/usr/lib/libbz2.1.0.dylib
0x000000000769d000 	/usr/lib/liblzma.5.dylib
0x000000000769d000 	/System/Library/Frameworks/CoreServices.framework/Versions/A/Frameworks/FSEvents.framework/Versions/A/FSEvents
0x000000000769d000 	/System/Library/Frameworks/CoreServices.framework/Versions/A/Frameworks/CarbonCore.framework/Versions/A/CarbonCore
0x000000000769d000 	/System/Library/Frameworks/CoreServices.framework/Versions/A/Frameworks/Metadata.framework/Versions/A/Metadata
0x000000000769d000 	/System/Library/Frameworks/CoreServices.framework/Versions/A/Frameworks/OSServices.framework/Versions/A/OSServices
0x000000000769d000 	/System/Library/Frameworks/CoreServices.framework/Versions/A/Frameworks/SearchKit.framework/Versions/A/SearchKit
0x000000000769d000 	/System/Library/Frameworks/CoreServices.framework/Versions/A/Frameworks/AE.framework/Versions/A/AE
0x000000000769d000 	/System/Library/Frameworks/CoreServices.framework/Versions/A/Frameworks/LaunchServices.framework/Versions/A/LaunchServices
0x000000000769d000 	/System/Library/Frameworks/CoreServices.framework/Versions/A/Frameworks/DictionaryServices.framework/Versions/A/DictionaryServices
0x000000000769d000 	/System/Library/Frameworks/CoreServices.framework/Versions/A/Frameworks/SharedFileList.framework/Versions/A/SharedFileList
0x000000000769d000 	/System/Library/Frameworks/NetFS.framework/Versions/A/NetFS
0x000000000769d000 	/System/Library/PrivateFrameworks/NetAuth.framework/Versions/A/NetAuth
0x000000000769d000 	/System/Library/PrivateFrameworks/login.framework/Versions/A/Frameworks/loginsupport.framework/Versions/A/loginsupport
0x000000000769d000 	/System/Library/PrivateFrameworks/TCC.framework/Versions/A/TCC
0x000000000769d000 	/usr/lib/libmecabra.dylib
0x000000000769d000 	/System/Library/Frameworks/ApplicationServices.framework/Versions/A/Frameworks/ATS.framework/Versions/A/ATS
0x000000000769d000 	/System/Library/Frameworks/ApplicationServices.framework/Versions/A/Frameworks/ColorSync.framework/Versions/A/ColorSync
0x000000000769d000 	/System/Library/Frameworks/ApplicationServices.framework/Versions/A/Frameworks/HIServices.framework/Versions/A/HIServices
0x000000000769d000 	/System/Library/Frameworks/ApplicationServices.framework/Versions/A/Frameworks/LangAnalysis.framework/Versions/A/LangAnalysis
0x000000000769d000 	/System/Library/Frameworks/ApplicationServices.framework/Versions/A/Frameworks/PrintCore.framework/Versions/A/PrintCore
0x000000000769d000 	/System/Library/Frameworks/ApplicationServices.framework/Versions/A/Frameworks/QD.framework/Versions/A/QD
0x000000000769d000 	/System/Library/Frameworks/ApplicationServices.framework/Versions/A/Frameworks/SpeechSynthesis.framework/Versions/A/SpeechSynthesis
0x000000000769d000 	/System/Library/Frameworks/Metal.framework/Versions/A/Metal
0x000000000769d000 	/System/Library/Frameworks/Accelerate.framework/Versions/A/Frameworks/vImage.framework/Versions/A/vImage
0x000000000769d000 	/System/Library/Frameworks/Accelerate.framework/Versions/A/Frameworks/vecLib.framework/Versions/A/vecLib
0x000000000769d000 	/System/Library/Frameworks/Accelerate.framework/Versions/A/Frameworks/vecLib.framework/Versions/A/libvDSP.dylib
0x000000000769d000 	/System/Library/Frameworks/Accelerate.framework/Versions/A/Frameworks/vecLib.framework/Versions/A/libvMisc.dylib
0x000000000769d000 	/System/Library/Frameworks/Accelerate.framework/Versions/A/Frameworks/vecLib.framework/Versions/A/libLAPACK.dylib
0x000000000769d000 	/System/Library/Frameworks/Accelerate.framework/Versions/A/Frameworks/vecLib.framework/Versions/A/libBLAS.dylib
0x000000000769d000 	/System/Library/Frameworks/Accelerate.framework/Versions/A/Frameworks/vecLib.framework/Versions/A/libLinearAlgebra.dylib
0x000000000769d000 	/System/Library/Frameworks/Accelerate.framework/Versions/A/Frameworks/vecLib.framework/Versions/A/libSparseBLAS.dylib
0x000000000769d000 	/System/Library/PrivateFrameworks/GPUCompiler.framework/libmetal_timestamp.dylib
0x000000000769d000 	/System/Library/Frameworks/OpenGL.framework/Versions/A/Libraries/libCoreFSCache.dylib
0x000000000769d000 	/System/Library/PrivateFrameworks/IOAccelerator.framework/Versions/A/IOAccelerator
0x000000000769d000 	/System/Library/Frameworks/ApplicationServices.framework/Versions/A/Frameworks/ATS.framework/Versions/A/Resources/libFontParser.dylib
0x000000000769d000 	/System/Library/Frameworks/ApplicationServices.framework/Versions/A/Frameworks/ATS.framework/Versions/A/Resources/libFontRegistry.dylib
0x000000000769d000 	/System/Library/PrivateFrameworks/AppleVPA.framework/Versions/A/AppleVPA
0x000000000769d000 	/System/Library/PrivateFrameworks/AppleJPEG.framework/Versions/A/AppleJPEG
0x000000000769d000 	/System/Library/Frameworks/ImageIO.framework/Versions/A/Resources/libJPEG.dylib
0x000000000769d000 	/System/Library/Frameworks/ImageIO.framework/Versions/A/Resources/libTIFF.dylib
0x000000000769d000 	/System/Library/Frameworks/ImageIO.framework/Versions/A/Resources/libPng.dylib
0x000000000769d000 	/System/Library/Frameworks/ImageIO.framework/Versions/A/Resources/libGIF.dylib
0x000000000769d000 	/System/Library/Frameworks/ImageIO.framework/Versions/A/Resources/libJP2.dylib
0x000000000769d000 	/System/Library/Frameworks/ImageIO.framework/Versions/A/Resources/libRadiance.dylib
0x000000000769d000 	/System/Library/Frameworks/CoreVideo.framework/Versions/A/CoreVideo
0x000000000769d000 	/System/Library/Frameworks/OpenGL.framework/Versions/A/Libraries/libGLU.dylib
0x000000000769d000 	/System/Library/Frameworks/OpenGL.framework/Versions/A/Libraries/libGFXShared.dylib
0x000000000769d000 	/System/Library/Frameworks/OpenGL.framework/Versions/A/Libraries/libGL.dylib
0x000000000769d000 	/System/Library/Frameworks/OpenGL.framework/Versions/A/Libraries/libGLImage.dylib
0x000000000769d000 	/System/Library/Frameworks/OpenGL.framework/Versions/A/Libraries/libCVMSPluginSupport.dylib
0x000000000769d000 	/System/Library/Frameworks/OpenGL.framework/Versions/A/Libraries/libCoreVMClient.dylib
0x000000000769d000 	/usr/lib/libcups.2.dylib
0x000000000769d000 	/System/Library/Frameworks/Kerberos.framework/Versions/A/Kerberos
0x000000000769d000 	/System/Library/Frameworks/GSS.framework/Versions/A/GSS
0x000000000769d000 	/usr/lib/libresolv.9.dylib
0x000000000769d000 	/usr/lib/libiconv.2.dylib
0x000000000769d000 	/System/Library/PrivateFrameworks/Heimdal.framework/Versions/A/Heimdal
0x000000000769d000 	/usr/lib/libheimdal-asn1.dylib
0x000000000769d000 	/System/Library/Frameworks/OpenDirectory.framework/Versions/A/OpenDirectory
0x000000000769d000 	/System/Library/PrivateFrameworks/CommonAuth.framework/Versions/A/CommonAuth
0x000000000769d000 	/System/Library/Frameworks/OpenDirectory.framework/Versions/A/Frameworks/CFOpenDirectory.framework/Versions/A/CFOpenDirectory
0x000000000769d000 	/System/Library/Frameworks/SecurityFoundation.framework/Versions/A/SecurityFoundation
0x000000000769d000 	/System/Library/PrivateFrameworks/LanguageModeling.framework/Versions/A/LanguageModeling
0x000000000769d000 	/usr/lib/libmarisa.dylib
0x000000000769d000 	/usr/lib/libChineseTokenizer.dylib
0x000000000769d000 	/usr/lib/libcmph.dylib
0x000000000769d000 	/usr/lib/libcompression.dylib
0x000000000769d000 	/System/Library/Frameworks/ServiceManagement.framework/Versions/A/ServiceManagement
0x000000000769d000 	/usr/lib/libxslt.1.dylib
0x000000000769d000 	/System/Library/Frameworks/Carbon.framework/Versions/A/Frameworks/Ink.framework/Versions/A/Ink
0x000000000769d000 	/usr/lib/libFosl_dynamic.dylib
0x000000000769d000 	/System/Library/PrivateFrameworks/FaceCore.framework/Versions/A/FaceCore
0x000000000769d000 	/System/Library/Frameworks/OpenCL.framework/Versions/A/OpenCL
0x000000000769d000 	/System/Library/PrivateFrameworks/CrashReporterSupport.framework/Versions/A/CrashReporterSupport
0x000000000769d000 	/System/Library/PrivateFrameworks/IconServices.framework/Versions/A/IconServices
0x000000000769d000 	/System/Library/PrivateFrameworks/Apple80211.framework/Versions/A/Apple80211
0x000000000769d000 	/System/Library/Frameworks/CoreWLAN.framework/Versions/A/CoreWLAN
0x000000000769d000 	/System/Library/Frameworks/IOBluetooth.framework/Versions/A/IOBluetooth
0x000000000769d000 	/System/Library/PrivateFrameworks/CoreWiFi.framework/Versions/A/CoreWiFi
0x000000000769d000 	/System/Library/Frameworks/CoreBluetooth.framework/Versions/A/CoreBluetooth
0x000000000769d000 	/System/Library/PrivateFrameworks/ChunkingLibrary.framework/Versions/A/ChunkingLibrary
0x000000000769d000 	/System/Library/PrivateFrameworks/DebugSymbols.framework/Versions/A/DebugSymbols
0x000000000769d000 	/System/Library/PrivateFrameworks/CoreSymbolication.framework/Versions/A/CoreSymbolication
0x000000000769d000 	/System/Library/PrivateFrameworks/Symbolication.framework/Versions/A/Symbolication
0x000000000769d000 	/System/Library/PrivateFrameworks/SpeechRecognitionCore.framework/Versions/A/SpeechRecognitionCore
0x0000000105200000 	/Library/Java/JavaVirtualMachines/jdk1.8.0_20.jdk/Contents/Home/jre/lib/server/libjvm.dylib
0x000000000769d000 	/usr/lib/libstdc++.6.dylib
0x000000010480d000 	/Library/Java/JavaVirtualMachines/jdk1.8.0_20.jdk/Contents/Home/jre/lib/libverify.dylib
0x000000010481b000 	/Library/Java/JavaVirtualMachines/jdk1.8.0_20.jdk/Contents/Home/jre/lib/libjava.dylib
0x0000000104850000 	/Library/Java/JavaVirtualMachines/jdk1.8.0_20.jdk/Contents/Home/jre/lib/libjdwp.dylib
0x000000010489b000 	/Library/Java/JavaVirtualMachines/jdk1.8.0_20.jdk/Contents/Home/jre/lib/libnpt.dylib
0x00000001048a8000 	/Library/Java/JavaVirtualMachines/jdk1.8.0_20.jdk/Contents/Home/jre/lib/libzip.dylib
0x00000001193c4000 	/System/Library/Frameworks/JavaVM.framework/Frameworks/JavaRuntimeSupport.framework/JavaRuntimeSupport
0x00000001193df000 	/System/Library/Frameworks/JavaVM.framework/Versions/A/Frameworks/JavaNativeFoundation.framework/Versions/A/JavaNativeFoundation
0x00000001193f4000 	/System/Library/Frameworks/JavaVM.framework/Versions/A/JavaVM
0x000000000769d000 	/System/Library/Frameworks/Carbon.framework/Versions/A/Carbon
0x0000000119401000 	/System/Library/PrivateFrameworks/JavaLaunching.framework/Versions/A/JavaLaunching
0x000000000769d000 	/System/Library/Frameworks/Carbon.framework/Versions/A/Frameworks/CommonPanels.framework/Versions/A/CommonPanels
0x000000000769d000 	/System/Library/Frameworks/Carbon.framework/Versions/A/Frameworks/Help.framework/Versions/A/Help
0x000000000769d000 	/System/Library/Frameworks/Carbon.framework/Versions/A/Frameworks/ImageCapture.framework/Versions/A/ImageCapture
0x000000000769d000 	/System/Library/Frameworks/Carbon.framework/Versions/A/Frameworks/OpenScripting.framework/Versions/A/OpenScripting
0x000000000769d000 	/System/Library/Frameworks/Carbon.framework/Versions/A/Frameworks/Print.framework/Versions/A/Print
0x000000000769d000 	/System/Library/Frameworks/Carbon.framework/Versions/A/Frameworks/SecurityHI.framework/Versions/A/SecurityHI
0x000000011ad22000 	/Library/Java/JavaVirtualMachines/jdk1.8.0_20.jdk/Contents/Home/jre/lib/libdt_socket.dylib

VM Arguments:
jvm_args: -agentlib:jdwp=transport=dt_socket,suspend=y,address=localhost:52760 -Dfile.encoding=UTF-8 
java_command: source.ADFGX
java_class_path (initial): /Users/peterclark/TreyarchCodes-Ciphers/ADFGX/bin
Launcher Type: SUN_STANDARD

Environment Variables:
PATH=/usr/bin:/bin:/usr/sbin:/sbin
SHELL=/bin/bash
DISPLAY=/private/tmp/com.apple.launchd.fqV0DbUsvr/org.macosforge.xquartz:0

Signal Handlers:
SIGSEGV: [libjvm.dylib+0x578fd7], sa_mask[0]=11111111011111110111111111111111, sa_flags=SA_ONSTACK|SA_RESTART|SA_SIGINFO
SIGBUS: [libjvm.dylib+0x578fd7], sa_mask[0]=11111111011111110111111111111111, sa_flags=SA_RESTART|SA_SIGINFO
SIGFPE: [libjvm.dylib+0x45ab0c], sa_mask[0]=11111111011111110111111111111111, sa_flags=SA_RESTART|SA_SIGINFO
SIGPIPE: [libjvm.dylib+0x45ab0c], sa_mask[0]=11111111011111110111111111111111, sa_flags=SA_RESTART|SA_SIGINFO
SIGXFSZ: [libjvm.dylib+0x45ab0c], sa_mask[0]=11111111011111110111111111111111, sa_flags=SA_RESTART|SA_SIGINFO
SIGILL: [libjvm.dylib+0x45ab0c], sa_mask[0]=11111111011111110111111111111111, sa_flags=SA_RESTART|SA_SIGINFO
SIGUSR1: SIG_DFL, sa_mask[0]=00000000000000000000000000000000, sa_flags=none
SIGUSR2: [libjvm.dylib+0x45a62a], sa_mask[0]=00100000000000000000000000000000, sa_flags=SA_RESTART|SA_SIGINFO
SIGHUP: [libjvm.dylib+0x458bfd], sa_mask[0]=11111111011111110111111111111111, sa_flags=SA_RESTART|SA_SIGINFO
SIGINT: [libjvm.dylib+0x458bfd], sa_mask[0]=11111111011111110111111111111111, sa_flags=SA_RESTART|SA_SIGINFO
SIGTERM: [libjvm.dylib+0x458bfd], sa_mask[0]=11111111011111110111111111111111, sa_flags=SA_RESTART|SA_SIGINFO
SIGQUIT: [libjvm.dylib+0x458bfd], sa_mask[0]=11111111011111110111111111111111, sa_flags=SA_RESTART|SA_SIGINFO


---------------  S Y S T E M  ---------------

OS:Bsduname:Darwin 15.2.0 Darwin Kernel Version 15.2.0: Fri Nov 13 19:56:56 PST 2015; root:xnu-3248.20.55~2/RELEASE_X86_64 x86_64
rlimit: STACK 8192k, CORE 0k, NPROC 709, NOFILE 10240, AS infinity
load average:1.43 1.53 1.58

CPU:total 4 (2 cores per cpu, 2 threads per core) family 6 model 69 stepping 1, cmov, cx8, fxsr, mmx, sse, sse2, sse3, ssse3, sse4.1, sse4.2, popcnt, avx, avx2, aes, clmul, erms, lzcnt, ht, tsc, tscinvbit, bmi1, bmi2

Memory: 4k page, physical 4194304k(99688k free)

/proc/meminfo:


vm_info: Java HotSpot(TM) 64-Bit Server VM (25.20-b23) for bsd-amd64 JRE (1.8.0_20-b26), built on Jul 30 2014 13:37:47 by "java_re" with gcc 4.2.1 (Based on Apple Inc. build 5658) (LLVM build 2336.9.00)

time: Tue Jan 19 16:09:40 2016
elapsed time: 23 seconds (0d 0h 0m 23s)

